Environment at start of build:
ADSK_3DSMAX_x64_2020 = E:\3DS MAX\3ds Max 2020\
ALLUSERSPROFILE = C:\ProgramData
APPDATA = C:\Users\HARSHB\AppData\Roaming
CommonProgramFiles = C:\Program Files (x86)\Common Files
CommonProgramFiles(x86) = C:\Program Files (x86)\Common Files
CommonProgramW6432 = C:\Program Files\Common Files
COMPUTERNAME = LAPTOP-1NBML7U3
ComSpec = C:\WINDOWS\system32\cmd.exe
DriverData = C:\Windows\System32\Drivers\DriverData
FPS_BROWSER_APP_PROFILE_STRING = Internet Explorer
FPS_BROWSER_USER_PROFILE_STRING = Default
GOOGLE_API_KEY = no
GOOGLE_DEFAULT_CLIENT_ID = no
GOOGLE_DEFAULT_CLIENT_SECRET = no
GTK_BASEPATH = C:\Program Files (x86)\GtkSharp\2.12\
HOMEDRIVE = C:
HOMEPATH = \Users\HARSHB
LOCALAPPDATA = C:\Users\HARSHB\AppData\Local
LOGONSERVER = \\LAPTOP-1NBML7U3
MSBuildLoadMicrosoftTargetsReadOnly = true
NUMBER_OF_PROCESSORS = 8
OneDrive = C:\Users\HARSHB\OneDrive
OneDriveConsumer = C:\Users\HARSHB\OneDrive
OS = Windows_NT
Path = D:\Softwares\Python\Scripts\;D:\Softwares\Python\;C:\Program Files (x86)\Intel\Intel(R) Management Engine Components\iCLS\;C:\Program Files\Intel\Intel(R) Management Engine Components\iCLS\;C:\Windows\system32;C:\Windows;C:\Windows\System32\Wbem;C:\Windows\System32\WindowsPowerShell\v1.0\;C:\Program Files (x86)\Intel\Intel(R) Management Engine Components\DAL;C:\Program Files\Intel\Intel(R) Management Engine Components\DAL;C:\Program Files (x86)\Intel\Intel(R) Management Engine Components\IPT;C:\Program Files\Intel\Intel(R) Management Engine Components\IPT;C:\Program Files (x86)\NVIDIA Corporation\PhysX\Common;C:\Program Files\Intel\WiFi\bin\;C:\Program Files\Common Files\Intel\WirelessCommon\;C:\WINDOWS\system32;C:\WINDOWS;C:\WINDOWS\System32\Wbem;C:\WINDOWS\System32\WindowsPowerShell\v1.0\;C:\WINDOWS\System32\OpenSSH\;C:\Program Files\dotnet\;C:\Program Files\Microsoft SQL Server\130\Tools\Binn\;C:\Program Files (x86)\GtkSharp\2.12\bin;C:\Program Files\NVIDIA Corporation\NVIDIA NvDLISR;D:\Softwares\node.js\;C:\Program Files\Microsoft SQL Server\Client SDK\ODBC\170\Tools\Binn\;D:\Softwares\Brackets\command;C:\WINDOWS\system32;C:\WINDOWS;C:\WINDOWS\System32\Wbem;C:\WINDOWS\System32\WindowsPowerShell\v1.0\;C:\WINDOWS\System32\OpenSSH\;C:\Program Files\Common Files\Autodesk Shared\;C:\Program Files\Microsoft SQL Server\120\Tools\Binn\;C:\Program Files\CMake\bin;D:\Softwares\Git\cmd;C:\Program Files\MySQL\MySQL Shell 8.0\bin\;D:\Softwares\Microsoft VS Code\bin;C:\Users\HARSHB\AppData\Local\Microsoft\WindowsApps;C:\Users\HARSHB\AppData\Local\GitHubDesktop\bin
PATHEXT = .COM;.EXE;.BAT;.CMD;.VBS;.VBE;.JS;.JSE;.WSF;.WSH;.MSC
PkgDefApplicationConfigFile = C:\Users\HARSHB\AppData\Local\Microsoft\VisualStudio\16.0_9b348e45\devenv.exe.config
PROCESSOR_ARCHITECTURE = x86
PROCESSOR_ARCHITEW6432 = AMD64
PROCESSOR_IDENTIFIER = Intel64 Family 6 Model 158 Stepping 10, GenuineIntel
PROCESSOR_LEVEL = 6
PROCESSOR_REVISION = 9e0a
ProgramData = C:\ProgramData
ProgramFiles = C:\Program Files (x86)
ProgramFiles(x86) = C:\Program Files (x86)
ProgramW6432 = C:\Program Files
PSModulePath = C:\Program Files\WindowsPowerShell\Modules;C:\WINDOWS\system32\WindowsPowerShell\v1.0\Modules
PUBLIC = C:\Users\Public
ServiceHubLogSessionKey = 42A51844
SESSIONNAME = Console
SystemDrive = C:
SystemRoot = C:\WINDOWS
TEMP = C:\Users\HARSHB\AppData\Local\Temp
ThreadedWaitDialogDpiContext = -4
TMP = C:\Users\HARSHB\AppData\Local\Temp
USERDOMAIN = LAPTOP-1NBML7U3
USERDOMAIN_ROAMINGPROFILE = LAPTOP-1NBML7U3
USERNAME = HARSHB
USERPROFILE = C:\Users\HARSHB
VisualStudioDir = C:\Users\HARSHB\Documents\Visual Studio 2019
VisualStudioEdition = Microsoft Visual Studio Community 2019
VisualStudioVersion = 16.0
VSAPPIDDIR = E:\VISUAL STUDIO 2019\Common7\IDE\
VSAPPIDNAME = devenv.exe
VSLANG = 1033
VSLS_SESSION_KEEPALIVE_INTERVAL = 20
VSSKUEDITION = Community
windir = C:\WINDOWS

  glad.c
  main.cpp
E:\PROJECTS\Github Work\OPEN-GL\SELF\TRIANGLE\Src\main.cpp(152,19): warning C4244: 'initializing': conversion from 'double' to 'float', possible loss of data
LINK : warning LNK4098: defaultlib 'MSVCRT' conflicts with use of other libs; use /NODEFAULTLIB:library
  Opengl.vcxproj -> E:\PROJECTS\Github Work\OPEN-GL\SELF\TRIANGLE\Debug\Opengl.exe

Project Performance Summary:
     3815 ms  E:\PROJECTS\Github Work\OPEN-GL\SELF\TRIANGLE\Opengl.vcxproj   1 calls
               3815 ms  Build                                      1 calls

Target Performance Summary:
        0 ms  Build                                      1 calls
        0 ms  AfterBuildCompileEvent                     1 calls
        0 ms  _ResourceCompile                           1 calls
        0 ms  AfterResourceCompile                       1 calls
        0 ms  MakeDirsForXdcMake                         1 calls
        0 ms  BeforeResourceCompile                      1 calls
        0 ms  _ClCompile                                 1 calls
        0 ms  AfterClCompile                             1 calls
        0 ms  _XdcMake                                   1 calls
        0 ms  SelectClCompile                            1 calls
        0 ms  ComputeCLCompileGeneratedSbrFiles          1 calls
        0 ms  MakeDirsForBscMake                         1 calls
        0 ms  _BscMake                                   1 calls
        0 ms  ComputeCLInputPDBName                      1 calls
        0 ms  BeforeClCompile                            1 calls
        0 ms  BuildCompileTraverse                       1 calls
        0 ms  _BuildCompileAction                        1 calls
        0 ms  BuildCompile                               1 calls
        0 ms  BuildLinkTraverse                          1 calls
        0 ms  ComputeLegacyManifestEmbedding             1 calls
        0 ms  _ALink                                     1 calls
        0 ms  _Manifest                                  1 calls
        0 ms  RegisterOutput                             1 calls
        0 ms  PreLinkEvent                               1 calls
        0 ms  DoLinkOutputFilesMatch                     1 calls
        0 ms  PrepareResourceNames                       1 calls
        0 ms  CreateCustomManifestResourceNames          1 calls
        0 ms  AfterLink                                  1 calls
        0 ms  ResolvedXDCMake                            1 calls
        0 ms  ComputeLinkInputsFromProject               1 calls
        0 ms  ComputeCLGeneratedLinkInputs               1 calls
        0 ms  ComputeCLCompileGeneratedXDCFiles          1 calls
        0 ms  ComputeManifestGeneratedLinkerInputs       1 calls
        0 ms  ComputeRCGeneratedLinkInputs               1 calls
        0 ms  ComputeRCOutputs                           1 calls
        0 ms  BeforeLink                                 1 calls
        0 ms  AssignTargetPaths                          1 calls
        0 ms  _BuildGenerateSourcesAction                1 calls
        0 ms  BuildGenerateSources                       1 calls
        0 ms  AfterBuildGenerateSources                  1 calls
        0 ms  GetCopyToOutputDirectoryXamlAppDefs        1 calls
        0 ms  SetCABuildNativeEnvironmentVariables       1 calls
        0 ms  _CheckWindowsSDKInstalled                  1 calls
        0 ms  _CopySourceItemsToOutputDirectory          1 calls
        0 ms  SetBuildDefaultEnvironmentVariables        1 calls
        0 ms  _CheckForCompileOutputs                    1 calls
        0 ms  GetFrameworkPaths                          1 calls
        0 ms  ResolveSDKReferences                       1 calls
        0 ms  PrepareForRun                              1 calls
        0 ms  PostBuildEvent                             1 calls
        0 ms  _SplitProjectReferencesByFileExistence     1 calls
        0 ms  _BuildLinkAction                           1 calls
        0 ms  BeforeResolveReferences                    1 calls
        0 ms  _PrepareForReferenceResolution             1 calls
        0 ms  BuildLink                                  1 calls
        0 ms  AfterBuild                                 1 calls
        0 ms  PrepareProjectReferences                   1 calls
        0 ms  AfterBuildGenerateSourcesEvent             1 calls
        0 ms  ExpandSDKReferences                        1 calls
        0 ms  ResolveAssemblyReferences                  1 calls
        0 ms  _Midl                                      1 calls
        0 ms  AfterMidl                                  1 calls
        0 ms  ComputeMIDLGeneratedCompileInputs          1 calls
        0 ms  _Xsd                                       1 calls
        0 ms  CopyFileToFolders                          1 calls
        0 ms  _GenerateSatelliteAssemblyInputs           1 calls
        0 ms  _Deploy                                    1 calls
        0 ms  ComputeCustomBuildOutput                   1 calls
        0 ms  _SelectedFiles                             1 calls
        0 ms  PreBuildEvent                              1 calls
        0 ms  BeforeBuildGenerateSources                 1 calls
        0 ms  CreateSatelliteAssemblies                  1 calls
        0 ms  _Appverifier                               1 calls
        0 ms  AfterResolveReferences                     1 calls
        0 ms  SelectCustomBuild                          1 calls
        0 ms  _Link                                      1 calls
        1 ms  ComputeManifestInputsTargets               1 calls
        1 ms  ResolveReferences                          1 calls
        1 ms  MakeDirsForLink                            1 calls
        1 ms  FixupCLCompileOptions                      1 calls
        1 ms  MakeDirsForMidl                            1 calls
        1 ms  MakeDirsForResourceCompile                 1 calls
        1 ms  GetResolvedWinMD                           1 calls
        1 ms  GetCopyToOutputDirectoryItems              1 calls
        1 ms  _PrepareForBuild                           1 calls
        1 ms  GetReferenceAssemblyPaths                  1 calls
        1 ms  ComputeLinkImportLibraryOutputsForClean    1 calls
        1 ms  CopyFilesToOutputDirectory                 1 calls
        1 ms  ComputeReferenceCLInput                    1 calls
        1 ms  SplitResourcesByCulture                    1 calls
        1 ms  BuildGenerateSourcesTraverse               1 calls
        2 ms  _GetProjectReferenceTargetFrameworkProperties   1 calls
        2 ms  AssignProjectConfiguration                 1 calls
        2 ms  FinalizeBuildStatus                        1 calls
        2 ms  ComputeCLOutputs                           1 calls
        3 ms  ComputeLinkSwitches                        1 calls
        5 ms  CustomBuild                                1 calls
        6 ms  MakeDirsForCl                              1 calls
        6 ms  SetTelemetryEnvironmentVariables           1 calls
        7 ms  InitializeBuildStatus                      1 calls
       13 ms  WarnCompileDuplicatedFilename              1 calls
       14 ms  PrepareForBuild                            1 calls
       16 ms  ResolveProjectReferences                   1 calls
       84 ms  _HandlePackageFileConflicts                1 calls
      167 ms  _CheckForInvalidConfigurationAndPlatform   1 calls
     1439 ms  Link                                       1 calls
     2029 ms  ClCompile                                  1 calls

Task Performance Summary:
        0 ms  Delete                                     1 calls
        0 ms  AssignTargetPath                           6 calls
        1 ms  MSBuild                                    1 calls
        1 ms  Message                                    3 calls
        1 ms  Copy                                       1 calls
        1 ms  AssignProjectConfiguration                 1 calls
        1 ms  CheckVCToolsetVersion                      1 calls
        1 ms  AssignCulture                              1 calls
        1 ms  ReadLinesFromFile                          1 calls
        2 ms  WriteLinesToFile                           1 calls
        2 ms  MakeDir                                    9 calls
        2 ms  SetEnv                                     8 calls
        5 ms  GetOutOfDateItems                          3 calls
        5 ms  Touch                                      2 calls
       27 ms  ResolvePackageFileConflicts                1 calls
     1437 ms  Link                                       1 calls
     2028 ms  CL                                         2 calls
